C:\USERS\WOODS\DOCUMENTS\VISUAL STUDIO 2012\PROJECTS\1000\DEBUG\ARKANOID_NEW.BSC
C:\USERS\WOODS\DOCUMENTS\VISUAL STUDIO 2012\PROJECTS\1000\1000\DEBUG\SOUND.SBR
C:\USERS\WOODS\DOCUMENTS\VISUAL STUDIO 2012\PROJECTS\1000\1000\DEBUG\RECTS.SBR
C:\USERS\WOODS\DOCUMENTS\VISUAL STUDIO 2012\PROJECTS\1000\1000\DEBUG\PLAYER.SBR
C:\USERS\WOODS\DOCUMENTS\VISUAL STUDIO 2012\PROJECTS\1000\1000\DEBUG\PAUSEMENU.SBR
C:\USERS\WOODS\DOCUMENTS\VISUAL STUDIO 2012\PROJECTS\1000\1000\DEBUG\MENU.SBR
C:\USERS\WOODS\DOCUMENTS\VISUAL STUDIO 2012\PROJECTS\1000\1000\DEBUG\MAP.SBR
C:\USERS\WOODS\DOCUMENTS\VISUAL STUDIO 2012\PROJECTS\1000\1000\DEBUG\MAIN.SBR
C:\USERS\WOODS\DOCUMENTS\VISUAL STUDIO 2012\PROJECTS\1000\1000\DEBUG\GAME.SBR
C:\USERS\WOODS\DOCUMENTS\VISUAL STUDIO 2012\PROJECTS\1000\1000\DEBUG\ENTITY.SBR
C:\USERS\WOODS\DOCUMENTS\VISUAL STUDIO 2012\PROJECTS\1000\1000\DEBUG\BALL.SBR
C:\USERS\WOODS\DOCUMENTS\VISUAL STUDIO 2012\PROJECTS\1000\1000\DEBUG\BALL.OBJ
C:\USERS\WOODS\DOCUMENTS\VISUAL STUDIO 2012\PROJECTS\1000\1000\DEBUG\ENTITY.OBJ
C:\USERS\WOODS\DOCUMENTS\VISUAL STUDIO 2012\PROJECTS\1000\1000\DEBUG\GAME.OBJ
C:\USERS\WOODS\DOCUMENTS\VISUAL STUDIO 2012\PROJECTS\1000\1000\DEBUG\MAIN.OBJ
C:\USERS\WOODS\DOCUMENTS\VISUAL STUDIO 2012\PROJECTS\1000\1000\DEBUG\MAP.OBJ
C:\USERS\WOODS\DOCUMENTS\VISUAL STUDIO 2012\PROJECTS\1000\1000\DEBUG\MENU.OBJ
C:\USERS\WOODS\DOCUMENTS\VISUAL STUDIO 2012\PROJECTS\1000\1000\DEBUG\PAUSEMENU.OBJ
C:\USERS\WOODS\DOCUMENTS\VISUAL STUDIO 2012\PROJECTS\1000\1000\DEBUG\PLAYER.OBJ
C:\USERS\WOODS\DOCUMENTS\VISUAL STUDIO 2012\PROJECTS\1000\1000\DEBUG\RECTS.OBJ
C:\USERS\WOODS\DOCUMENTS\VISUAL STUDIO 2012\PROJECTS\1000\1000\DEBUG\SOUND.OBJ
C:\USERS\WOODS\DOCUMENTS\VISUAL STUDIO 2012\PROJECTS\1000\1000\DEBUG\VC110.PDB
C:\USERS\WOODS\DOCUMENTS\VISUAL STUDIO 2012\PROJECTS\1000\DEBUG\ARKANOID_NEW.ILK
C:\USERS\WOODS\DOCUMENTS\VISUAL STUDIO 2012\PROJECTS\1000\DEBUG\ARKANOID_NEW.EXE
C:\USERS\WOODS\DOCUMENTS\VISUAL STUDIO 2012\PROJECTS\1000\DEBUG\ARKANOID_NEW.PDB
C:\Users\Woods\Documents\Visual Studio 2012\Projects\1000\1000\Debug\Ball.obj
C:\Users\Woods\Documents\Visual Studio 2012\Projects\1000\1000\Debug\Entity.obj
C:\Users\Woods\Documents\Visual Studio 2012\Projects\1000\1000\Debug\Game.obj
C:\Users\Woods\Documents\Visual Studio 2012\Projects\1000\1000\Debug\main.obj
C:\Users\Woods\Documents\Visual Studio 2012\Projects\1000\1000\Debug\Map.obj
C:\Users\Woods\Documents\Visual Studio 2012\Projects\1000\1000\Debug\Menu.obj
C:\Users\Woods\Documents\Visual Studio 2012\Projects\1000\1000\Debug\PauseMenu.obj
C:\Users\Woods\Documents\Visual Studio 2012\Projects\1000\1000\Debug\Player.obj
C:\Users\Woods\Documents\Visual Studio 2012\Projects\1000\1000\Debug\Rects.obj
C:\Users\Woods\Documents\Visual Studio 2012\Projects\1000\1000\Debug\Sound.obj
C:\Users\Woods\Documents\Visual Studio 2012\Projects\1000\1000\Debug\BscMake.command.1.tlog
C:\Users\Woods\Documents\Visual Studio 2012\Projects\1000\1000\Debug\bscmake.read.1.tlog
C:\Users\Woods\Documents\Visual Studio 2012\Projects\1000\1000\Debug\BscMake.write.1.tlog
C:\Users\Woods\Documents\Visual Studio 2012\Projects\1000\1000\Debug\cl.command.1.tlog
C:\Users\Woods\Documents\Visual Studio 2012\Projects\1000\1000\Debug\CL.read.1.tlog
C:\Users\Woods\Documents\Visual Studio 2012\Projects\1000\1000\Debug\CL.write.1.tlog
C:\Users\Woods\Documents\Visual Studio 2012\Projects\1000\1000\Debug\link-cvtres.read.1.tlog
C:\Users\Woods\Documents\Visual Studio 2012\Projects\1000\1000\Debug\link-cvtres.write.1.tlog
C:\Users\Woods\Documents\Visual Studio 2012\Projects\1000\1000\Debug\link-rc.read.1.tlog
C:\Users\Woods\Documents\Visual Studio 2012\Projects\1000\1000\Debug\link-rc.write.1.tlog
C:\Users\Woods\Documents\Visual Studio 2012\Projects\1000\1000\Debug\link.command.1.tlog
C:\Users\Woods\Documents\Visual Studio 2012\Projects\1000\1000\Debug\link.read.1.tlog
C:\Users\Woods\Documents\Visual Studio 2012\Projects\1000\1000\Debug\link.write.1.tlog
C:\Users\Woods\Documents\Visual Studio 2012\Projects\1000\1000\Debug\vc110.idb
C:\Users\Woods\Documents\Visual Studio 2012\Projects\1000\1000\Debug\vc110.pdb
C:\Users\Woods\Documents\Visual Studio 2012\Projects\1000\1000\Debug\Ball.sbr
C:\Users\Woods\Documents\Visual Studio 2012\Projects\1000\1000\Debug\Entity.sbr
C:\Users\Woods\Documents\Visual Studio 2012\Projects\1000\1000\Debug\Game.sbr
C:\Users\Woods\Documents\Visual Studio 2012\Projects\1000\1000\Debug\main.sbr
C:\Users\Woods\Documents\Visual Studio 2012\Projects\1000\1000\Debug\Map.sbr
C:\Users\Woods\Documents\Visual Studio 2012\Projects\1000\1000\Debug\Menu.sbr
C:\Users\Woods\Documents\Visual Studio 2012\Projects\1000\1000\Debug\PauseMenu.sbr
C:\Users\Woods\Documents\Visual Studio 2012\Projects\1000\1000\Debug\Player.sbr
C:\Users\Woods\Documents\Visual Studio 2012\Projects\1000\1000\Debug\Rects.sbr
C:\Users\Woods\Documents\Visual Studio 2012\Projects\1000\1000\Debug\Sound.sbr
C:\Users\Woods\Documents\Visual Studio 2012\Projects\1000\Debug\Arkanoid_NEW.pdb
C:\Users\Woods\Documents\Visual Studio 2012\Projects\1000\Debug\Arkanoid_NEW.exe
C:\Users\Woods\Documents\Visual Studio 2012\Projects\1000\Debug\Arkanoid_NEW.bsc
C:\Users\Woods\Documents\Visual Studio 2012\Projects\1000\Debug\Arkanoid_NEW.ilk
